\BOOKMARK [1][-]{section.1}{\376\377\000B\000a\000s\000i\000c\000\040\000A\000s\000y\000m\000p\000t\000o\000t\000i\000c\000s}{}% 1
\BOOKMARK [2][-]{subsection.1.1}{\376\377\000L\000a\000w\000\040\000o\000f\000\040\000L\000a\000r\000g\000e\000\040\000N\000u\000m\000b\000e\000r\000s\000\040\000a\000n\000d\000\040\000C\000e\000n\000t\000r\000a\000l\000\040\000L\000i\000m\000i\000t\000\040\000T\000h\000e\000o\000r\000e\000m}{section.1}% 2
\BOOKMARK [2][-]{subsection.1.2}{\376\377\000S\000o\000m\000e\000\040\000a\000s\000y\000m\000p\000t\000o\000t\000i\000c\000\040\000t\000h\000e\000o\000r\000y}{section.1}% 3
\BOOKMARK [2][-]{subsection.1.3}{\376\377\000S\000l\000u\000t\000s\000k\000y\000'\000s\000\040\000T\000h\000e\000o\000r\000e\000m}{section.1}% 4
\BOOKMARK [2][-]{subsection.1.4}{\376\377\000D\000e\000l\000t\000a\000\040\000M\000e\000t\000h\000o\000d}{section.1}% 5
\BOOKMARK [1][-]{section.2}{\376\377\000E\000s\000t\000i\000m\000a\000t\000o\000r\000s\000\040\000a\000n\000d\000\040\000t\000h\000e\000i\000r\000\040\000E\000c\000o\000n\000o\000m\000i\000c\000\040\000A\000p\000p\000l\000i\000c\000a\000t\000i\000o\000n\000s}{}% 6
\BOOKMARK [2][-]{subsection.2.1}{\376\377\000O\000L\000S}{section.2}% 7
\BOOKMARK [2][-]{subsection.2.2}{\376\377\000C\000o\000i\000b\000i\000o\000n\000\040\000a\000n\000d\000\040\000G\000o\000r\000o\000d\000n\000i\000c\000h\000e\000n\000k\000o\000\040\000\050\0002\0000\0001\0005\000,\000\040\000A\000E\000R\000\051}{section.2}% 8
\BOOKMARK [2][-]{subsection.2.3}{\376\377\000I\000V}{section.2}% 9
\BOOKMARK [2][-]{subsection.2.4}{\376\377\000C\000o\000i\000b\000i\000o\000n\000\040\000a\000n\000d\000\040\000G\000o\000r\000o\000d\000n\000i\000c\000h\000e\000n\000k\000o\000\040\000\050\0002\0000\0001\0002\000,\000\040\000A\000E\000J\000:\000\040\000M\000a\000c\000r\000o\000\051}{section.2}% 10
\BOOKMARK [2][-]{subsection.2.5}{\376\377\000N\000a\000k\000a\000m\000u\000r\000a\000\040\000a\000n\000d\000\040\000S\000t\000e\000i\000n\000s\000s\000o\000n\000\040\000\050\0002\0000\0001\0004\000,\000\040\000A\000E\000R\000\051}{section.2}% 11
\BOOKMARK [2][-]{subsection.2.6}{\376\377\000M\000o\000M}{section.2}% 12
\BOOKMARK [2][-]{subsection.2.7}{\376\377\000K\000o\000c\000h\000e\000r\000l\000a\000k\000o\000t\000a\000\040\000\050\0001\0009\0009\0006\000,\000\040\000J\000E\000L\000\051}{section.2}% 13
\BOOKMARK [2][-]{subsection.2.8}{\376\377\000T\000o\000d\000a\000\040\000a\000n\000d\000\040\000W\000a\000l\000s\000h\000\040\000\050\0002\0000\0001\0005\000,\000\040\000J\000P\000E\000\051}{section.2}% 14
\BOOKMARK [2][-]{subsection.2.9}{\376\377\000G\000M\000M}{section.2}% 15
\BOOKMARK [2][-]{subsection.2.10}{\376\377\000G\000o\000u\000r\000i\000n\000c\000h\000a\000s\000\040\000a\000n\000d\000\040\000P\000a\000r\000k\000e\000r\000\040\000\050\0002\0000\0000\0002\000,\000\040\000E\000C\000T\000A\000\051}{section.2}% 16
\BOOKMARK [2][-]{subsection.2.11}{\376\377\000M\000L\000E}{section.2}% 17
\BOOKMARK [2][-]{subsection.2.12}{\376\377\000L\000a\000u\000b\000a\000c\000h\000\040\000a\000n\000d\000\040\000W\000i\000l\000l\000i\000a\000m\000s\000\040\000\050\0002\0000\0000\0003\000,\000\040\000R\000E\000S\000t\000a\000t\000\051}{section.2}% 18
\BOOKMARK [1][-]{section.3}{\376\377\000N\000e\000w\000t\000o\000n\000\040\000M\000e\000t\000h\000o\000d\000s\000\040\000f\000o\000r\000\040\000N\000u\000m\000e\000r\000i\000c\000a\000l\000\040\000O\000p\000t\000i\000m\000i\000z\000a\000t\000i\000o\000n}{}% 19
\BOOKMARK [2][-]{subsection.3.1}{\376\377\000N\000e\000w\000t\000o\000n\000-\000R\000a\000p\000h\000s\000o\000n\000\040\000r\000o\000o\000t\000-\000f\000i\000n\000d\000i\000n\000g\000\040\000a\000l\000g\000o\000r\000i\000t\000h\000m}{section.3}% 20
\BOOKMARK [2][-]{subsection.3.2}{\376\377\000N\000e\000w\000t\000o\000n\000'\000s\000\040\000a\000l\000g\000o\000r\000i\000t\000h\000m\000\040\000i\000n\000\040\000o\000p\000t\000i\000m\000i\000z\000a\000t\000i\000o\000n}{section.3}% 21
\BOOKMARK [2][-]{subsection.3.3}{\376\377\000Q\000u\000a\000s\000i\000-\000N\000e\000w\000t\000o\000n\000\040\000m\000e\000t\000h\000o\000d}{section.3}% 22
